Arguments: 
  D:\nodejs\node.exe C:\Users\ThinkPad\AppData\Roaming\npm\node_modules\yarn\bin\yarn.js add -D webpack-cli

PATH: 
  C:\Users\ThinkPad\AppData\Roaming\npm-cache\_npx\1952;E:\projects\customWebpack\node_modules\.bin;C:\Program Files (x86)\Intel\Intel(R) Management Engine Components\iCLS\;C:\Program Files\Intel\Intel(R) Management Engine Components\iCLS\;C:\windows\system32;C:\windows;C:\windows\System32\Wbem;C:\windows\System32\WindowsPowerShell\v1.0\;C:\windows\System32\OpenSSH\;C:\Program Files (x86)\Intel\Intel(R) Management Engine Components\DAL;C:\Program Files\Intel\Intel(R) Management Engine Components\DAL;C:\Program Files (x86)\Intel\Intel(R) Management Engine Components\IPT;C:\Program Files\Intel\Intel(R) Management Engine Components\IPT;C:\Program Files (x86)\NVIDIA Corporation\PhysX\Common;C:\Program Files\NVIDIA Corporation\NVIDIA NvDLISR;D:\nodejs\;D:\Git\cmd;C:\Program Files\Intel\WiFi\bin\;C:\Program Files\Common Files\Intel\WirelessCommon\;C:\Users\ThinkPad\AppData\Local\Microsoft\WindowsApps;C:\Users\ThinkPad\AppData\Roaming\npm;D:\Microsoft VS Code\bin

Yarn version: 
  1.17.3

Node version: 
  10.16.0

Platform: 
  win32 x64

Trace: 
  Error: ENOENT: no such file or directory, copyfile 'C:\Users\ThinkPad\AppData\Local\Yarn\Cache\v4\npm-normalize-path-2.1.1-1ab28b556e198363a8c1a6f7e6fa20137fe6aed9\node_modules\normalize-path\README.md' -> 'E:\projects\customWebpack\node_modules\anymatch\node_modules\normalize-path\README.md'

npm manifest: 
  {
    "name": "customwebpack",
    "version": "1.0.0",
    "description": "react/less/antd/dva/umi",
    "private": true,
    "scripts": {
      "start": "webapck --config ./webpack.dev.config"
    },
    "keywords": [
      "react+less+dva+umi+antd"
    ],
    "author": "shenke",
    "license": "ISC",
    "dependencies": {
      "lodash": "^4.17.15"
    },
    "devDependencies": {
      "css-loader": "^3.1.0",
      "file-loader": "^4.1.0",
      "html-webpack-plugin": "^3.2.0",
      "react": "^16.9.0",
      "react-dom": "^16.9.0",
      "style-loader": "^0.23.1",
      "webpack": "^4.38.0",
      "webpack-cli": "^3.3.6"
    }
  }

yarn manifest: 
  No manifest

Lockfile: 
  # THIS IS AN AUTOGENERATED FILE. DO NOT EDIT THIS FILE DIRECTLY.
  # yarn lockfile v1
